<?xml version="1.0" encoding="UTF-8"?>
<!-- Generated by org.testng.reporters.JUnitReportReporter -->
<testsuite hostname="EXTREME-PC" failures="0" tests="1" name="NewTest" time="10.597" errors="0" timestamp="2022-08-11T22:08:02 CST" skipped="0">
  <testcase classname="NewTest" name="BusquedaPersonalizada" time="10.597"/>
  <system-out/>
</testsuite> <!-- NewTest -->
